<?xml version="1.0" encoding="UTF-8"?>
<!-- Generated by org.testng.reporters.JUnitReportReporter -->
<testsuite skipped="0" hostname="IBM748-PC0CTBD3" name="com.test.prac.LauchChrome" tests="1" failures="0" timestamp="17 Oct 2018 09:45:02 GMT" time="15.560" errors="0">
  <testcase name="test" time="15.560" classname="com.test.prac.LauchChrome"/>
</testsuite> <!-- com.test.prac.LauchChrome -->
